<?xml version="1.0" encoding="UTF-8"?>
<!-- Generated by org.testng.reporters.JUnitReportReporter -->
<testsuite name="com.crewsight.automation.homePage.TC001_VerifyLoginWithInvalidCredentials" tests="1" time="1.635" ignored="0" failures="0" timestamp="02 Jan 2018 12:01:07 GMT" skipped="0" hostname="hai" errors="0">
  <testcase name="verifyLoginWithInvalidCredentials" time="1.635" classname="com.crewsight.automation.homePage.TC001_VerifyLoginWithInvalidCredentials"/>
</testsuite> <!-- com.crewsight.automation.homePage.TC001_VerifyLoginWithInvalidCredentials -->
