<?xml version="1.0" encoding="UTF-8"?>
<!-- Generated by org.testng.reporters.JUnitReportReporter -->
<testsuite name="com.crewsight.automation.homePage.TC001_ForgotPassword" tests="1" time="1.284" ignored="0" failures="0" timestamp="28 Dec 2017 06:24:17 GMT" skipped="0" hostname="hai" errors="0">
  <testcase name="forgotPassword" time="1.284" classname="com.crewsight.automation.homePage.TC001_ForgotPassword"/>
</testsuite> <!-- com.crewsight.automation.homePage.TC001_ForgotPassword -->
