<?xml version="1.0" encoding="UTF-8"?>
<!-- Generated by org.testng.reporters.JUnitReportReporter -->
<testsuite name="com.crewsight.automation.homePage.TC002_ForgotPassword" tests="1" time="1.383" ignored="0" failures="0" timestamp="02 Jan 2018 12:01:07 GMT" skipped="0" hostname="hai" errors="0">
  <testcase name="forgotPassword" time="1.383" classname="com.crewsight.automation.homePage.TC002_ForgotPassword"/>
</testsuite> <!-- com.crewsight.automation.homePage.TC002_ForgotPassword -->
